Performing C SOURCE FILE Test ARCH_IA32 failed with the following output:
Change Dir: /home/vcamp/Vectrocamp/vectorscan/build-avx512/CMakeFiles/CMakeTmp

Run Build Command(s):/usr/bin/make cmTC_a6034/fast && /usr/bin/make -f CMakeFiles/cmTC_a6034.dir/build.make CMakeFiles/cmTC_a6034.dir/build
make[1]: Entering directory '/home/vcamp/Vectrocamp/vectorscan/build-avx512/CMakeFiles/CMakeTmp'
Building C object CMakeFiles/cmTC_a6034.dir/src.c.o
/usr/bin/gcc-10   -DARCH_IA32   -o CMakeFiles/cmTC_a6034.dir/src.c.o   -c /home/vcamp/Vectrocamp/vectorscan/build-avx512/CMakeFiles/CMakeTmp/src.c
/home/vcamp/Vectrocamp/vectorscan/build-avx512/CMakeFiles/CMakeTmp/src.c:2:2: error: #error not 32bit
    2 | #error not 32bit
      |  ^~~~~
make[1]: *** [CMakeFiles/cmTC_a6034.dir/build.make:66: CMakeFiles/cmTC_a6034.dir/src.c.o] Error 1
make[1]: Leaving directory '/home/vcamp/Vectrocamp/vectorscan/build-avx512/CMakeFiles/CMakeTmp'
make: *** [Makefile:121: cmTC_a6034/fast] Error 2


Source file was:
#if !(defined(__i386__) || defined(_M_IX86))
#error not 32bit
#endif
int main(void) { return 0; }
Performing C SOURCE FILE Test ARCH_AARCH64 failed with the following output:
Change Dir: /home/vcamp/Vectrocamp/vectorscan/build-avx512/CMakeFiles/CMakeTmp

Run Build Command(s):/usr/bin/make cmTC_e79a8/fast && /usr/bin/make -f CMakeFiles/cmTC_e79a8.dir/build.make CMakeFiles/cmTC_e79a8.dir/build
make[1]: Entering directory '/home/vcamp/Vectrocamp/vectorscan/build-avx512/CMakeFiles/CMakeTmp'
Building C object CMakeFiles/cmTC_e79a8.dir/src.c.o
/usr/bin/gcc-10   -DARCH_AARCH64   -o CMakeFiles/cmTC_e79a8.dir/src.c.o   -c /home/vcamp/Vectrocamp/vectorscan/build-avx512/CMakeFiles/CMakeTmp/src.c
/home/vcamp/Vectrocamp/vectorscan/build-avx512/CMakeFiles/CMakeTmp/src.c:2:2: error: #error not 64bit
    2 | #error not 64bit
      |  ^~~~~
make[1]: *** [CMakeFiles/cmTC_e79a8.dir/build.make:66: CMakeFiles/cmTC_e79a8.dir/src.c.o] Error 1
make[1]: Leaving directory '/home/vcamp/Vectrocamp/vectorscan/build-avx512/CMakeFiles/CMakeTmp'
make: *** [Makefile:121: cmTC_e79a8/fast] Error 2


Source file was:
#if !defined(__ARM_ARCH_ISA_A64)
#error not 64bit
#endif
int main(void) { return 0; }
Performing C SOURCE FILE Test ARCH_ARM32 failed with the following output:
Change Dir: /home/vcamp/Vectrocamp/vectorscan/build-avx512/CMakeFiles/CMakeTmp

Run Build Command(s):/usr/bin/make cmTC_73f55/fast && /usr/bin/make -f CMakeFiles/cmTC_73f55.dir/build.make CMakeFiles/cmTC_73f55.dir/build
make[1]: Entering directory '/home/vcamp/Vectrocamp/vectorscan/build-avx512/CMakeFiles/CMakeTmp'
Building C object CMakeFiles/cmTC_73f55.dir/src.c.o
/usr/bin/gcc-10   -DARCH_ARM32   -o CMakeFiles/cmTC_73f55.dir/src.c.o   -c /home/vcamp/Vectrocamp/vectorscan/build-avx512/CMakeFiles/CMakeTmp/src.c
/home/vcamp/Vectrocamp/vectorscan/build-avx512/CMakeFiles/CMakeTmp/src.c:2:2: error: #error not 32bit
    2 | #error not 32bit
      |  ^~~~~
make[1]: *** [CMakeFiles/cmTC_73f55.dir/build.make:66: CMakeFiles/cmTC_73f55.dir/src.c.o] Error 1
make[1]: Leaving directory '/home/vcamp/Vectrocamp/vectorscan/build-avx512/CMakeFiles/CMakeTmp'
make: *** [Makefile:121: cmTC_73f55/fast] Error 2


Source file was:
#if !defined(__ARM_ARCH_ISA_ARM)
#error not 32bit
#endif
int main(void) { return 0; }
Determining if files intrin.h exist failed with the following output:
Change Dir: /home/vcamp/Vectrocamp/vectorscan/build-avx512/CMakeFiles/CMakeTmp

Run Build Command(s):/usr/bin/make cmTC_1072e/fast && /usr/bin/make -f CMakeFiles/cmTC_1072e.dir/build.make CMakeFiles/cmTC_1072e.dir/build
make[1]: Entering directory '/home/vcamp/Vectrocamp/vectorscan/build-avx512/CMakeFiles/CMakeTmp'
Building C object CMakeFiles/cmTC_1072e.dir/HAVE_C_INTRIN_H.c.o
/usr/bin/gcc-10    -o CMakeFiles/cmTC_1072e.dir/HAVE_C_INTRIN_H.c.o   -c /home/vcamp/Vectrocamp/vectorscan/build-avx512/CMakeFiles/CheckIncludeFiles/HAVE_C_INTRIN_H.c
/home/vcamp/Vectrocamp/vectorscan/build-avx512/CMakeFiles/CheckIncludeFiles/HAVE_C_INTRIN_H.c:2:10: fatal error: intrin.h: No such file or directory
    2 | #include <intrin.h>
      |          ^~~~~~~~~~
compilation terminated.
make[1]: *** [CMakeFiles/cmTC_1072e.dir/build.make:66: CMakeFiles/cmTC_1072e.dir/HAVE_C_INTRIN_H.c.o] Error 1
make[1]: Leaving directory '/home/vcamp/Vectrocamp/vectorscan/build-avx512/CMakeFiles/CMakeTmp'
make: *** [Makefile:121: cmTC_1072e/fast] Error 2


Source:
/* */
#include <intrin.h>


int main(void){return 0;}

Determining if the include file intrin.h exists failed with the following output:
Change Dir: /home/vcamp/Vectrocamp/vectorscan/build-avx512/CMakeFiles/CMakeTmp

Run Build Command(s):/usr/bin/make cmTC_fef19/fast && /usr/bin/make -f CMakeFiles/cmTC_fef19.dir/build.make CMakeFiles/cmTC_fef19.dir/build
make[1]: Entering directory '/home/vcamp/Vectrocamp/vectorscan/build-avx512/CMakeFiles/CMakeTmp'
Building CXX object CMakeFiles/cmTC_fef19.dir/CheckIncludeFile.cxx.o
/usr/bin/g++-10     -o CMakeFiles/cmTC_fef19.dir/CheckIncludeFile.cxx.o -c /home/vcamp/Vectrocamp/vectorscan/build-avx512/CMakeFiles/CMakeTmp/CheckIncludeFile.cxx
/home/vcamp/Vectrocamp/vectorscan/build-avx512/CMakeFiles/CMakeTmp/CheckIncludeFile.cxx:1:10: fatal error: intrin.h: No such file or directory
    1 | #include <intrin.h>
      |          ^~~~~~~~~~
compilation terminated.
make[1]: *** [CMakeFiles/cmTC_fef19.dir/build.make:66: CMakeFiles/cmTC_fef19.dir/CheckIncludeFile.cxx.o] Error 1
make[1]: Leaving directory '/home/vcamp/Vectrocamp/vectorscan/build-avx512/CMakeFiles/CMakeTmp'
make: *** [Makefile:121: cmTC_fef19/fast] Error 2



Determining if the function _aligned_malloc exists failed with the following output:
Change Dir: /home/vcamp/Vectrocamp/vectorscan/build-avx512/CMakeFiles/CMakeTmp

Run Build Command(s):/usr/bin/make cmTC_65384/fast && /usr/bin/make -f CMakeFiles/cmTC_65384.dir/build.make CMakeFiles/cmTC_65384.dir/build
make[1]: Entering directory '/home/vcamp/Vectrocamp/vectorscan/build-avx512/CMakeFiles/CMakeTmp'
Building C object CMakeFiles/cmTC_65384.dir/CheckFunctionExists.c.o
/usr/bin/gcc-10   -DCHECK_FUNCTION_EXISTS=_aligned_malloc   -o CMakeFiles/cmTC_65384.dir/CheckFunctionExists.c.o   -c /usr/share/cmake-3.16/Modules/CheckFunctionExists.c
Linking C executable cmTC_65384
/usr/bin/cmake -E cmake_link_script CMakeFiles/cmTC_65384.dir/link.txt --verbose=1
/usr/bin/gcc-10  -DCHECK_FUNCTION_EXISTS=_aligned_malloc    -rdynamic CMakeFiles/cmTC_65384.dir/CheckFunctionExists.c.o  -o cmTC_65384 
/usr/bin/ld: CMakeFiles/cmTC_65384.dir/CheckFunctionExists.c.o: in function `main':
CheckFunctionExists.c:(.text+0x14): undefined reference to `_aligned_malloc'
collect2: error: ld returned 1 exit status
make[1]: *** [CMakeFiles/cmTC_65384.dir/build.make:87: cmTC_65384] Error 1
make[1]: Leaving directory '/home/vcamp/Vectrocamp/vectorscan/build-avx512/CMakeFiles/CMakeTmp'
make: *** [Makefile:121: cmTC_65384/fast] Error 2



Determining if the _LIBCPP_VERSION exist failed with the following output:
Change Dir: /home/vcamp/Vectrocamp/vectorscan/build-avx512/CMakeFiles/CMakeTmp

Run Build Command(s):/usr/bin/make cmTC_905f2/fast && /usr/bin/make -f CMakeFiles/cmTC_905f2.dir/build.make CMakeFiles/cmTC_905f2.dir/build
make[1]: Entering directory '/home/vcamp/Vectrocamp/vectorscan/build-avx512/CMakeFiles/CMakeTmp'
Building CXX object CMakeFiles/cmTC_905f2.dir/CheckSymbolExists.cxx.o
/usr/bin/g++-10     -o CMakeFiles/cmTC_905f2.dir/CheckSymbolExists.cxx.o -c /home/vcamp/Vectrocamp/vectorscan/build-avx512/CMakeFiles/CMakeTmp/CheckSymbolExists.cxx
/home/vcamp/Vectrocamp/vectorscan/build-avx512/CMakeFiles/CMakeTmp/CheckSymbolExists.cxx: In function ‘int main(int, char**)’:
/home/vcamp/Vectrocamp/vectorscan/build-avx512/CMakeFiles/CMakeTmp/CheckSymbolExists.cxx:8:19: error: ‘_LIBCPP_VERSION’ was not declared in this scope
    8 |   return ((int*)(&_LIBCPP_VERSION))[argc];
      |                   ^~~~~~~~~~~~~~~
make[1]: *** [CMakeFiles/cmTC_905f2.dir/build.make:66: CMakeFiles/cmTC_905f2.dir/CheckSymbolExists.cxx.o] Error 1
make[1]: Leaving directory '/home/vcamp/Vectrocamp/vectorscan/build-avx512/CMakeFiles/CMakeTmp'
make: *** [Makefile:121: cmTC_905f2/fast] Error 2


File /home/vcamp/Vectrocamp/vectorscan/build-avx512/CMakeFiles/CMakeTmp/CheckSymbolExists.cxx:
/* */
#include <ciso646>

int main(int argc, char** argv)
{
  (void)argv;
#ifndef _LIBCPP_VERSION
  return ((int*)(&_LIBCPP_VERSION))[argc];
#else
  (void)argc;
  return 0;
#endif
}
Performing C SOURCE FILE Test CC_SELF_ASSIGN failed with the following output:
Change Dir: /home/vcamp/Vectrocamp/vectorscan/build-avx512/CMakeFiles/CMakeTmp

Run Build Command(s):/usr/bin/make cmTC_1ebca/fast && /usr/bin/make -f CMakeFiles/cmTC_1ebca.dir/build.make CMakeFiles/cmTC_1ebca.dir/build
make[1]: Entering directory '/home/vcamp/Vectrocamp/vectorscan/build-avx512/CMakeFiles/CMakeTmp'
Building C object CMakeFiles/cmTC_1ebca.dir/src.c.o
/usr/bin/gcc-10   -DCC_SELF_ASSIGN   -Wself-assign -o CMakeFiles/cmTC_1ebca.dir/src.c.o   -c /home/vcamp/Vectrocamp/vectorscan/build-avx512/CMakeFiles/CMakeTmp/src.c
gcc-10: error: unrecognized command-line option '-Wself-assign'
make[1]: *** [CMakeFiles/cmTC_1ebca.dir/build.make:66: CMakeFiles/cmTC_1ebca.dir/src.c.o] Error 1
make[1]: Leaving directory '/home/vcamp/Vectrocamp/vectorscan/build-avx512/CMakeFiles/CMakeTmp'
make: *** [Makefile:121: cmTC_1ebca/fast] Error 2


Source file was:
int main(void) { return 0; }
Performing C++ SOURCE FILE Test CXX_SELF_ASSIGN failed with the following output:
Change Dir: /home/vcamp/Vectrocamp/vectorscan/build-avx512/CMakeFiles/CMakeTmp

Run Build Command(s):/usr/bin/make cmTC_a4f0f/fast && /usr/bin/make -f CMakeFiles/cmTC_a4f0f.dir/build.make CMakeFiles/cmTC_a4f0f.dir/build
make[1]: Entering directory '/home/vcamp/Vectrocamp/vectorscan/build-avx512/CMakeFiles/CMakeTmp'
Building CXX object CMakeFiles/cmTC_a4f0f.dir/src.cxx.o
/usr/bin/g++-10    -DCXX_SELF_ASSIGN   -Wself-assign -o CMakeFiles/cmTC_a4f0f.dir/src.cxx.o -c /home/vcamp/Vectrocamp/vectorscan/build-avx512/CMakeFiles/CMakeTmp/src.cxx
g++-10: error: unrecognized command-line option '-Wself-assign'
make[1]: *** [CMakeFiles/cmTC_a4f0f.dir/build.make:66: CMakeFiles/cmTC_a4f0f.dir/src.cxx.o] Error 1
make[1]: Leaving directory '/home/vcamp/Vectrocamp/vectorscan/build-avx512/CMakeFiles/CMakeTmp'
make: *** [Makefile:121: cmTC_a4f0f/fast] Error 2


Source file was:
int main() { return 0; }
Performing C SOURCE FILE Test CC_PAREN_EQUALITY failed with the following output:
Change Dir: /home/vcamp/Vectrocamp/vectorscan/build-avx512/CMakeFiles/CMakeTmp

Run Build Command(s):/usr/bin/make cmTC_501b8/fast && /usr/bin/make -f CMakeFiles/cmTC_501b8.dir/build.make CMakeFiles/cmTC_501b8.dir/build
make[1]: Entering directory '/home/vcamp/Vectrocamp/vectorscan/build-avx512/CMakeFiles/CMakeTmp'
Building C object CMakeFiles/cmTC_501b8.dir/src.c.o
/usr/bin/gcc-10   -DCC_PAREN_EQUALITY   -Wparentheses-equality -o CMakeFiles/cmTC_501b8.dir/src.c.o   -c /home/vcamp/Vectrocamp/vectorscan/build-avx512/CMakeFiles/CMakeTmp/src.c
gcc-10: error: unrecognized command-line option '-Wparentheses-equality'
make[1]: *** [CMakeFiles/cmTC_501b8.dir/build.make:66: CMakeFiles/cmTC_501b8.dir/src.c.o] Error 1
make[1]: Leaving directory '/home/vcamp/Vectrocamp/vectorscan/build-avx512/CMakeFiles/CMakeTmp'
make: *** [Makefile:121: cmTC_501b8/fast] Error 2


Source file was:
int main(void) { return 0; }
Performing C++ SOURCE FILE Test CXX_WEAK_VTABLES failed with the following output:
Change Dir: /home/vcamp/Vectrocamp/vectorscan/build-avx512/CMakeFiles/CMakeTmp

Run Build Command(s):/usr/bin/make cmTC_fe7ec/fast && /usr/bin/make -f CMakeFiles/cmTC_fe7ec.dir/build.make CMakeFiles/cmTC_fe7ec.dir/build
make[1]: Entering directory '/home/vcamp/Vectrocamp/vectorscan/build-avx512/CMakeFiles/CMakeTmp'
Building CXX object CMakeFiles/cmTC_fe7ec.dir/src.cxx.o
/usr/bin/g++-10    -DCXX_WEAK_VTABLES   -Wweak-vtables -o CMakeFiles/cmTC_fe7ec.dir/src.cxx.o -c /home/vcamp/Vectrocamp/vectorscan/build-avx512/CMakeFiles/CMakeTmp/src.cxx
g++-10: error: unrecognized command-line option '-Wweak-vtables'
make[1]: *** [CMakeFiles/cmTC_fe7ec.dir/build.make:66: CMakeFiles/cmTC_fe7ec.dir/src.cxx.o] Error 1
make[1]: Leaving directory '/home/vcamp/Vectrocamp/vectorscan/build-avx512/CMakeFiles/CMakeTmp'
make: *** [Makefile:121: cmTC_fe7ec/fast] Error 2


Source file was:
int main() { return 0; }
Performing C SOURCE FILE Test CMAKE_HAVE_LIBC_PTHREAD failed with the following output:
Change Dir: /home/vcamp/Vectrocamp/vectorscan/build-avx512/CMakeFiles/CMakeTmp

Run Build Command(s):/usr/bin/make cmTC_29ee1/fast && /usr/bin/make -f CMakeFiles/cmTC_29ee1.dir/build.make CMakeFiles/cmTC_29ee1.dir/build
make[1]: Entering directory '/home/vcamp/Vectrocamp/vectorscan/build-avx512/CMakeFiles/CMakeTmp'
Building C object CMakeFiles/cmTC_29ee1.dir/src.c.o
/usr/bin/gcc-10   -march=tigerlake -mtune=tigerlake -DCMAKE_HAVE_LIBC_PTHREAD   -o CMakeFiles/cmTC_29ee1.dir/src.c.o   -c /home/vcamp/Vectrocamp/vectorscan/build-avx512/CMakeFiles/CMakeTmp/src.c
Linking C executable cmTC_29ee1
/usr/bin/cmake -E cmake_link_script CMakeFiles/cmTC_29ee1.dir/link.txt --verbose=1
/usr/bin/gcc-10  -march=tigerlake -mtune=tigerlake -DCMAKE_HAVE_LIBC_PTHREAD    -rdynamic CMakeFiles/cmTC_29ee1.dir/src.c.o  -o cmTC_29ee1 
/usr/bin/ld: CMakeFiles/cmTC_29ee1.dir/src.c.o: in function `main':
src.c:(.text+0x46): undefined reference to `pthread_create'
/usr/bin/ld: src.c:(.text+0x52): undefined reference to `pthread_detach'
/usr/bin/ld: src.c:(.text+0x63): undefined reference to `pthread_join'
collect2: error: ld returned 1 exit status
make[1]: *** [CMakeFiles/cmTC_29ee1.dir/build.make:87: cmTC_29ee1] Error 1
make[1]: Leaving directory '/home/vcamp/Vectrocamp/vectorscan/build-avx512/CMakeFiles/CMakeTmp'
make: *** [Makefile:121: cmTC_29ee1/fast] Error 2


Source file was:
#include <pthread.h>

void* test_func(void* data)
{
  return data;
}

int main(void)
{
  pthread_t thread;
  pthread_create(&thread, NULL, test_func, NULL);
  pthread_detach(thread);
  pthread_join(thread, NULL);
  pthread_atfork(NULL, NULL, NULL);
  pthread_exit(NULL);

  return 0;
}

Determining if the function pthread_create exists in the pthreads failed with the following output:
Change Dir: /home/vcamp/Vectrocamp/vectorscan/build-avx512/CMakeFiles/CMakeTmp

Run Build Command(s):/usr/bin/make cmTC_6da34/fast && /usr/bin/make -f CMakeFiles/cmTC_6da34.dir/build.make CMakeFiles/cmTC_6da34.dir/build
make[1]: Entering directory '/home/vcamp/Vectrocamp/vectorscan/build-avx512/CMakeFiles/CMakeTmp'
Building C object CMakeFiles/cmTC_6da34.dir/CheckFunctionExists.c.o
/usr/bin/gcc-10   -march=tigerlake -mtune=tigerlake -DCHECK_FUNCTION_EXISTS=pthread_create   -o CMakeFiles/cmTC_6da34.dir/CheckFunctionExists.c.o   -c /usr/share/cmake-3.16/Modules/CheckFunctionExists.c
Linking C executable cmTC_6da34
/usr/bin/cmake -E cmake_link_script CMakeFiles/cmTC_6da34.dir/link.txt --verbose=1
/usr/bin/gcc-10  -march=tigerlake -mtune=tigerlake -DCHECK_FUNCTION_EXISTS=pthread_create    -rdynamic CMakeFiles/cmTC_6da34.dir/CheckFunctionExists.c.o  -o cmTC_6da34  -lpthreads 
/usr/bin/ld: cannot find -lpthreads
collect2: error: ld returned 1 exit status
make[1]: *** [CMakeFiles/cmTC_6da34.dir/build.make:87: cmTC_6da34] Error 1
make[1]: Leaving directory '/home/vcamp/Vectrocamp/vectorscan/build-avx512/CMakeFiles/CMakeTmp'
make: *** [Makefile:121: cmTC_6da34/fast] Error 2



Determining if the include file pthread_np.h exists failed with the following output:
Change Dir: /home/vcamp/Vectrocamp/vectorscan/build-avx512/CMakeFiles/CMakeTmp

Run Build Command(s):/usr/bin/make cmTC_86446/fast && /usr/bin/make -f CMakeFiles/cmTC_86446.dir/build.make CMakeFiles/cmTC_86446.dir/build
make[1]: Entering directory '/home/vcamp/Vectrocamp/vectorscan/build-avx512/CMakeFiles/CMakeTmp'
Building CXX object CMakeFiles/cmTC_86446.dir/CheckIncludeFile.cxx.o
/usr/bin/g++-10    -march=tigerlake -mtune=tigerlake    -o CMakeFiles/cmTC_86446.dir/CheckIncludeFile.cxx.o -c /home/vcamp/Vectrocamp/vectorscan/build-avx512/CMakeFiles/CMakeTmp/CheckIncludeFile.cxx
/home/vcamp/Vectrocamp/vectorscan/build-avx512/CMakeFiles/CMakeTmp/CheckIncludeFile.cxx:1:10: fatal error: pthread_np.h: No such file or directory
    1 | #include <pthread_np.h>
      |          ^~~~~~~~~~~~~~
compilation terminated.
make[1]: *** [CMakeFiles/cmTC_86446.dir/build.make:66: CMakeFiles/cmTC_86446.dir/CheckIncludeFile.cxx.o] Error 1
make[1]: Leaving directory '/home/vcamp/Vectrocamp/vectorscan/build-avx512/CMakeFiles/CMakeTmp'
make: *** [Makefile:121: cmTC_86446/fast] Error 2



